<?xml version="1.0" encoding="UTF-8"?>
<!-- Generated by org.testng.reporters.JUnitXMLReporter -->
<testsuite ignored="0" hostname="WIN-GLF10487UOQ" failures="0" tests="3" name="Test" time="13.561" errors="0" timestamp="2022-02-10T20:55:51 PST">
  <testcase classname="Assignment.Project6.NewTest" name="BankUserLogin" time="1.423"/>
  <testcase classname="Assignment.Project6.NewTest" name="CustomerRegistration" time="3.571"/>
  <testcase classname="Assignment.Project6.NewTest" name="CustomerTransaction" time="2.603"/>
</testsuite> <!-- Test -->
