<?xml version="1.0" encoding="UTF-8"?>
<testng-results ignored="0" total="3" passed="3" failed="0" skipped="0">
  <reporter-output>
  </reporter-output>
  <suite started-at="2022-02-05T02:35:25 PST" name="Suite" finished-at="2022-02-05T02:35:40 PST" duration-ms="15679">
    <groups>
    </groups>
    <test started-at="2022-02-05T02:35:25 PST" name="Test" finished-at="2022-02-05T02:35:40 PST" duration-ms="15679">
      <class name="Assignment.Project6.NewTest">
        <test-method is-config="true" signature="beforeTest()[pri:0, instance:Assignment.Project6.NewTest@26b3fd41]" started-at="2022-02-05T02:35:25 PST" name="beforeTest" finished-at="2022-02-05T02:35:28 PST" duration-ms="3758" status="PASS">
          <reporter-output>
          </reporter-output>
        </test-method> <!-- beforeTest -->
        <test-method signature="BankUserLogin()[pri:0, instance:Assignment.Project6.NewTest@26b3fd41]" started-at="2022-02-05T02:35:28 PST" name="BankUserLogin" finished-at="2022-02-05T02:35:30 PST" duration-ms="1300" status="PASS">
          <reporter-output>
          </reporter-output>
        </test-method> <!-- BankUserLogin -->
        <test-method signature="CustomerRegistration()[pri:0, instance:Assignment.Project6.NewTest@26b3fd41]" started-at="2022-02-05T02:35:30 PST" name="CustomerRegistration" finished-at="2022-02-05T02:35:35 PST" duration-ms="5266" status="PASS">
          <reporter-output>
          </reporter-output>
        </test-method> <!-- CustomerRegistration -->
        <test-method signature="CustomerTransaction()[pri:0, instance:Assignment.Project6.NewTest@26b3fd41]" started-at="2022-02-05T02:35:35 PST" name="CustomerTransaction" finished-at="2022-02-05T02:35:39 PST" duration-ms="4344" status="PASS">
          <reporter-output>
          </reporter-output>
        </test-method> <!-- CustomerTransaction -->
        <test-method is-config="true" signature="afterTest()[pri:0, instance:Assignment.Project6.NewTest@26b3fd41]" started-at="2022-02-05T02:35:39 PST" name="afterTest" finished-at="2022-02-05T02:35:40 PST" duration-ms="974" status="PASS">
          <reporter-output>
          </reporter-output>
        </test-method> <!-- afterTest -->
      </class> <!-- Assignment.Project6.NewTest -->
    </test> <!-- Test -->
  </suite> <!-- Suite -->
</testng-results>
