<?xml version="1.0" encoding="UTF-8"?>
<!-- Generated by org.testng.reporters.JUnitXMLReporter -->
<testsuite ignored="0" hostname="WIN-GLF10487UOQ" failures="0" tests="3" name="Test" time="15.679" errors="0" timestamp="2022-02-05T02:35:40 PST">
  <testcase classname="Assignment.Project6.NewTest" name="BankUserLogin" time="1.3"/>
  <testcase classname="Assignment.Project6.NewTest" name="CustomerRegistration" time="5.266"/>
  <testcase classname="Assignment.Project6.NewTest" name="CustomerTransaction" time="4.344"/>
</testsuite> <!-- Test -->
